<?xml version="1.0" encoding="UTF-8"?>
<!-- Generated by org.testng.reporters.JUnitXMLReporter -->
<testsuite ignored="0" hostname="MAA-5CG1033RVY" failures="1" tests="20" name="Test case" time="246.453" errors="0" timestamp="2023-10-04T17:36:47 IST">
  <testcase classname="TestCase.Ecommerce_Amazon" name="InvalidAmazonLogin" time="6.632"/>
  <testcase classname="TestCase.Ecommerce_Amazon" name="AppleLaptop" time="40.134"/>
  <testcase classname="TestCase.Ecommerce_Amazon" name="LenovoLaptop" time="31.32"/>
  <testcase classname="TestCase.Ecommerce_Amazon" name="HpLaptop" time="16.312">
    <failure type="org.openqa.selenium.NoSuchElementException" message="no such element: Unable to locate element: {&amp;quot;method&amp;quot;:&amp;quot;xpath&amp;quot;,&amp;quot;selector&amp;quot;:&amp;quot;//div[@data-cel-widget=&amp;apos;search_result_2&amp;apos;]//a&amp;quot;}
  (Session info: chrome=117.0.5938.134)
For documentation on this error, please visit: https://www.selenium.dev/documentation/webdriver/troubleshooting/errors#no-such-element-exception
Build info: version: &amp;apos;4.12.0&amp;apos;, revision: &amp;apos;249f2a7d1b*&amp;apos;
System info: os.name: &amp;apos;Windows 10&amp;apos;, os.arch: &amp;apos;amd64&amp;apos;, os.version: &amp;apos;10.0&amp;apos;, java.version: &amp;apos;17.0.8&amp;apos;
Driver info: org.openqa.selenium.chrome.ChromeDriver
Command: [ba87791c5cb439b71950b7d45cb9beb8, findElement {using=xpath, value=//div[@data-cel-widget=&amp;apos;search_result_2&amp;apos;]//a}]
Capabilities {acceptInsecureCerts: false, browserName: chrome, browserVersion: 117.0.5938.134, chrome: {chromedriverVersion: 116.0.5845.96 (1a3918166880..., userDataDir: C:\Users\gtvignes\AppData\L...}, fedcm:accounts: true, goog:chromeOptions: {debuggerAddress: localhost:60192}, networkConnectionEnabled: false, pageLoadStrategy: normal, platformName: windows, proxy: Proxy(), se:cdp: ws://localhost:60192/devtoo..., se:cdpVersion: 117.0.5938.134, setWindowRect: true, strictFileInteractability: false, timeouts: {implicit: 0, pageLoad: 300000, script: 30000}, unhandledPromptBehavior: dismiss and notify, webauthn:extension:credBlob: true, webauthn:extension:largeBlob: true, webauthn:extension:minPinLength: true, webauthn:extension:prf: true, webauthn:virtualAuthenticators: true}
Session ID: ba87791c5cb439b71950b7d45cb9beb8">
      <![CDATA[org.openqa.selenium.NoSuchElementException: no such element: Unable to locate element: {"method":"xpath","selector":"//div[@data-cel-widget='search_result_2']//a"}
  (Session info: chrome=117.0.5938.134)
For documentation on this error, please visit: https://www.selenium.dev/documentation/webdriver/troubleshooting/errors#no-such-element-exception
Build info: version: '4.12.0', revision: '249f2a7d1b*'
System info: os.name: 'Windows 10', os.arch: 'amd64', os.version: '10.0', java.version: '17.0.8'
Driver info: org.openqa.selenium.chrome.ChromeDriver
Command: [ba87791c5cb439b71950b7d45cb9beb8, findElement {using=xpath, value=//div[@data-cel-widget='search_result_2']//a}]
Capabilities {acceptInsecureCerts: false, browserName: chrome, browserVersion: 117.0.5938.134, chrome: {chromedriverVersion: 116.0.5845.96 (1a3918166880..., userDataDir: C:\Users\gtvignes\AppData\L...}, fedcm:accounts: true, goog:chromeOptions: {debuggerAddress: localhost:60192}, networkConnectionEnabled: false, pageLoadStrategy: normal, platformName: windows, proxy: Proxy(), se:cdp: ws://localhost:60192/devtoo..., se:cdpVersion: 117.0.5938.134, setWindowRect: true, strictFileInteractability: false, timeouts: {implicit: 0, pageLoad: 300000, script: 30000}, unhandledPromptBehavior: dismiss and notify, webauthn:extension:credBlob: true, webauthn:extension:largeBlob: true, webauthn:extension:minPinLength: true, webauthn:extension:prf: true, webauthn:virtualAuthenticators: true}
Session ID: ba87791c5cb439b71950b7d45cb9beb8
at org.openqa.selenium.remote.codec.w3c.W3CHttpResponseCodec.createException(W3CHttpResponseCodec.java:200)
at org.openqa.selenium.remote.codec.w3c.W3CHttpResponseCodec.decode(W3CHttpResponseCodec.java:133)
at org.openqa.selenium.remote.codec.w3c.W3CHttpResponseCodec.decode(W3CHttpResponseCodec.java:52)
at org.openqa.selenium.remote.HttpCommandExecutor.execute(HttpCommandExecutor.java:191)
at org.openqa.selenium.remote.service.DriverCommandExecutor.invokeExecute(DriverCommandExecutor.java:196)
at org.openqa.selenium.remote.service.DriverCommandExecutor.execute(DriverCommandExecutor.java:171)
at org.openqa.selenium.remote.RemoteWebDriver.execute(RemoteWebDriver.java:602)
at org.openqa.selenium.remote.ElementLocation$ElementFinder$2.findElement(ElementLocation.java:165)
at org.openqa.selenium.remote.ElementLocation.findElement(ElementLocation.java:59)
at org.openqa.selenium.remote.RemoteWebDriver.findElement(RemoteWebDriver.java:359)
at org.openqa.selenium.remote.RemoteWebDriver.findElement(RemoteWebDriver.java:353)
at org.openqa.selenium.support.pagefactory.DefaultElementLocator.findElement(DefaultElementLocator.java:68)
at org.openqa.selenium.support.pagefactory.internal.LocatingElementHandler.invoke(LocatingElementHandler.java:38)
at jdk.proxy2/jdk.proxy2.$Proxy16.click(Unknown Source)
at TestCase.Ecommerce_Amazon.HpLaptop(Ecommerce_Amazon.java:129)
at java.base/java.util.ArrayList.forEach(ArrayList.java:1511)
... Removed 32 stack frames]]>
    </failure>
  </testcase> <!-- HpLaptop -->
  <testcase classname="TestCase.Ecommerce_Amazon" name="DellLaptop" time="28.934"/>
  <testcase classname="TestCase.Ecommerce_Flipkart" name="InvalidFlipkartLogin" time="0.23"/>
  <testcase classname="TestCase.Ecommerce_Flipkart" name="FlipkartSellerInfo" time="3.901"/>
  <testcase classname="TestCase.Mobile_Apple" name="iPhones" time="6.94"/>
  <testcase classname="TestCase.Automobile_Tesla" name="ModelS" time="5.099"/>
  <testcase classname="TestCase.Automobile_Tesla" name="Model3" time="6.491"/>
  <testcase classname="TestCase.Automobile_Tesla" name="ModelX" time="8.583"/>
  <testcase classname="TestCase.Automobile_Tesla" name="ModelY" time="7.129"/>
  <testcase classname="TestCase.Basics" name="LocateAndClick" time="29.023"/>
  <testcase classname="TestCase.Basics" name="DropDown" time="1.619"/>
  <testcase classname="TestCase.Basics" name="AlertHandle" time="0.988"/>
  <testcase classname="TestCase.Basics" name="RadioButton" time="0.32"/>
  <testcase classname="TestCase.Basics" name="checkbox" time="0.908"/>
  <testcase classname="TestCase.Basics" name="HandleFrames" time="1.297"/>
  <testcase classname="TestCase.Basics" name="DragDrop" time="1.362"/>
  <testcase classname="TestCase.Basics" name="HyperLink" time="2.28"/>
</testsuite> <!-- Test case -->
